[debug] [2026-03-16T01:41:13.805Z] ----------------------------------------------------------------------
[debug] [2026-03-16T01:41:13.807Z] Command:       /opt/homebrew/Cellar/node/23.7.0/bin/node /opt/homebrew/bin/firebase deploy
[debug] [2026-03-16T01:41:13.807Z] CLI Version:   13.31.1
[debug] [2026-03-16T01:41:13.807Z] Platform:      darwin
[debug] [2026-03-16T01:41:13.807Z] Node Version:  v23.7.0
[debug] [2026-03-16T01:41:13.807Z] Time:          Mon Mar 16 2026 02:41:13 GMT+0100 (Central European Standard Time)
[debug] [2026-03-16T01:41:13.807Z] ----------------------------------------------------------------------
[debug] 
[debug] [2026-03-16T01:41:13.893Z] > command requires scopes: ["email","openid","https://www.googleapis.com/auth/cloudplatformprojects.readonly","https://www.googleapis.com/auth/firebase","https://www.googleapis.com/auth/cloud-platform"]
[debug] [2026-03-16T01:41:13.893Z] > authorizing via signed-in user (kdrasslan@gmail.com)
[debug] [2026-03-16T01:41:13.893Z] [iam] checking project livery-one for permissions ["firebase.projects.get","firebasehosting.sites.update"]
[debug] [2026-03-16T01:41:13.894Z] Checked if tokens are valid: false, expires at: 1749737549918
[debug] [2026-03-16T01:41:13.894Z] Checked if tokens are valid: false, expires at: 1749737549918
[debug] [2026-03-16T01:41:13.894Z] > refreshing access token with scopes: []
[debug] [2026-03-16T01:41:13.895Z] >>> [apiv2][query] POST https://www.googleapis.com/oauth2/v3/token [none]
[debug] [2026-03-16T01:41:13.895Z] >>> [apiv2][body] POST https://www.googleapis.com/oauth2/v3/token [omitted]
[debug] [2026-03-16T01:41:13.989Z] <<< [apiv2][status] POST https://www.googleapis.com/oauth2/v3/token 400
[debug] [2026-03-16T01:41:13.989Z] <<< [apiv2][body] POST https://www.googleapis.com/oauth2/v3/token [omitted]
[debug] [2026-03-16T01:41:13.990Z] >>> [apiv2][query] POST https://cloudresourcemanager.googleapis.com/v1/projects/livery-one:testIamPermissions [none]
[debug] [2026-03-16T01:41:13.990Z] >>> [apiv2][(partial)header] POST https://cloudresourcemanager.googleapis.com/v1/projects/livery-one:testIamPermissions x-goog-quota-user=projects/livery-one
[debug] [2026-03-16T01:41:13.990Z] >>> [apiv2][body] POST https://cloudresourcemanager.googleapis.com/v1/projects/livery-one:testIamPermissions {"permissions":["firebase.projects.get","firebasehosting.sites.update"]}
[debug] [2026-03-16T01:41:14.687Z] <<< [apiv2][status] POST https://cloudresourcemanager.googleapis.com/v1/projects/livery-one:testIamPermissions 401
[debug] [2026-03-16T01:41:14.687Z] <<< [apiv2][body] POST https://cloudresourcemanager.googleapis.com/v1/projects/livery-one:testIamPermissions {"error":{"code":401,"message":"Request had invalid authentication credentials. Expected OAuth 2 access token, login cookie or other valid authentication credential. See https://developers.google.com/identity/sign-in/web/devconsole-project.","status":"UNAUTHENTICATED","details":[{"@type":"type.googleapis.com/google.rpc.ErrorInfo","reason":"ACCESS_TOKEN_TYPE_UNSUPPORTED","metadata":{"method":"google.cloudresourcemanager.v1.Projects.TestIamPermissions","service":"cloudresourcemanager.googleapis.com"}}]}}
[debug] [2026-03-16T01:41:14.687Z] Got a 401 Unauthenticated error for a call that required authentication. Refreshing tokens.
[debug] [2026-03-16T01:41:14.687Z] Checked if tokens are valid: false, expires at: 1749737549918
[debug] [2026-03-16T01:41:14.687Z] Checked if tokens are valid: false, expires at: 1749737549918
[debug] [2026-03-16T01:41:14.687Z] > refreshing access token with scopes: []
[debug] [2026-03-16T01:41:14.687Z] >>> [apiv2][query] POST https://www.googleapis.com/oauth2/v3/token [none]
[debug] [2026-03-16T01:41:14.687Z] >>> [apiv2][body] POST https://www.googleapis.com/oauth2/v3/token [omitted]
[debug] [2026-03-16T01:41:14.719Z] <<< [apiv2][status] POST https://www.googleapis.com/oauth2/v3/token 400
[debug] [2026-03-16T01:41:14.719Z] <<< [apiv2][body] POST https://www.googleapis.com/oauth2/v3/token [omitted]
[debug] [2026-03-16T01:41:14.720Z] [iam] error while checking permissions, command may fail: Request to https://cloudresourcemanager.googleapis.com/v1/projects/livery-one:testIamPermissions had HTTP Error: 401, Request had invalid authentication credentials. Expected OAuth 2 access token, login cookie or other valid authentication credential. See https://developers.google.com/identity/sign-in/web/devconsole-project.
[debug] [2026-03-16T01:41:14.720Z] Checked if tokens are valid: false, expires at: 1749737549918
[debug] [2026-03-16T01:41:14.720Z] Checked if tokens are valid: false, expires at: 1749737549918
[debug] [2026-03-16T01:41:14.720Z] > refreshing access token with scopes: []
[debug] [2026-03-16T01:41:14.721Z] >>> [apiv2][query] POST https://www.googleapis.com/oauth2/v3/token [none]
[debug] [2026-03-16T01:41:14.721Z] >>> [apiv2][body] POST https://www.googleapis.com/oauth2/v3/token [omitted]
[debug] [2026-03-16T01:41:14.752Z] <<< [apiv2][status] POST https://www.googleapis.com/oauth2/v3/token 400
[debug] [2026-03-16T01:41:14.752Z] <<< [apiv2][body] POST https://www.googleapis.com/oauth2/v3/token [omitted]
[debug] [2026-03-16T01:41:14.752Z] >>> [apiv2][query] GET https://firebase.googleapis.com/v1beta1/projects/livery-one [none]
[debug] [2026-03-16T01:41:14.868Z] <<< [apiv2][status] GET https://firebase.googleapis.com/v1beta1/projects/livery-one 401
[debug] [2026-03-16T01:41:14.868Z] <<< [apiv2][body] GET https://firebase.googleapis.com/v1beta1/projects/livery-one {"error":{"code":401,"message":"Request had invalid authentication credentials. Expected OAuth 2 access token, login cookie or other valid authentication credential. See https://developers.google.com/identity/sign-in/web/devconsole-project.","status":"UNAUTHENTICATED"}}
[debug] [2026-03-16T01:41:14.868Z] Got a 401 Unauthenticated error for a call that required authentication. Refreshing tokens.
[debug] [2026-03-16T01:41:14.868Z] Checked if tokens are valid: false, expires at: 1749737549918
[debug] [2026-03-16T01:41:14.868Z] Checked if tokens are valid: false, expires at: 1749737549918
[debug] [2026-03-16T01:41:14.868Z] > refreshing access token with scopes: []
[debug] [2026-03-16T01:41:14.869Z] >>> [apiv2][query] POST https://www.googleapis.com/oauth2/v3/token [none]
[debug] [2026-03-16T01:41:14.869Z] >>> [apiv2][body] POST https://www.googleapis.com/oauth2/v3/token [omitted]
[debug] [2026-03-16T01:41:14.902Z] <<< [apiv2][status] POST https://www.googleapis.com/oauth2/v3/token 400
[debug] [2026-03-16T01:41:14.902Z] <<< [apiv2][body] POST https://www.googleapis.com/oauth2/v3/token [omitted]
[debug] [2026-03-16T01:41:14.903Z] Request to https://firebase.googleapis.com/v1beta1/projects/livery-one had HTTP Error: 401, Request had invalid authentication credentials. Expected OAuth 2 access token, login cookie or other valid authentication credential. See https://developers.google.com/identity/sign-in/web/devconsole-project.
[error] 
[error] Error: Assertion failed: resolving hosting target of a site with no site name or target name. This should have caused an error earlier
